C:\USERS\MAKSI\ONEDRIVE\Документы\VISUAL STUDIO 2012\PROJECTS\Шишкин\Проект7\Проект7\DEBUG\.NETFRAMEWORK,VERSION=V4.5.ASSEMBLYATTRIBUTES.OBJ
C:\USERS\MAKSI\ONEDRIVE\ДОКУМЕНТЫ\VISUAL STUDIO 2012\PROJECTS\ШИШКИН\ПРОЕКТ7\ПРОЕКТ7\DEBUG\VC110.PDB
C:\USERS\MAKSI\ONEDRIVE\Документы\VISUAL STUDIO 2012\PROJECTS\Шишкин\Проект7\Проект7\DEBUG\MYFORM.OBJ
C:\Users\maksi\OneDrive\Документы\Visual Studio 2012\Projects\Шишкин\Проект7\Проект7\Debug\Проект7.MyForm.resources
C:\Users\maksi\OneDrive\Документы\Visual Studio 2012\Projects\Шишкин\Проект7\Проект7\Debug\Проект7.vcxproj.GenerateResource.Cache
C:\Users\maksi\OneDrive\Документы\Visual Studio 2012\Projects\Шишкин\Проект7\Проект7\Debug\Проект7.vcxprojResolveAssemblyReference.cache
C:\Users\maksi\OneDrive\Документы\Visual Studio 2012\Projects\Шишкин\Проект7\Проект7\Debug\.NETFramework,Version=v4.5.AssemblyAttributes.obj
C:\Users\maksi\OneDrive\Документы\Visual Studio 2012\Projects\Шишкин\Проект7\Проект7\Debug\MyForm.obj
C:\Users\maksi\OneDrive\Документы\Visual Studio 2012\Projects\Шишкин\Проект7\Проект7\Debug\cl.command.1.tlog
C:\Users\maksi\OneDrive\Документы\Visual Studio 2012\Projects\Шишкин\Проект7\Проект7\Debug\CL.read.1.tlog
C:\Users\maksi\OneDrive\Документы\Visual Studio 2012\Projects\Шишкин\Проект7\Проект7\Debug\CL.write.1.tlog
C:\Users\maksi\OneDrive\Документы\Visual Studio 2012\Projects\Шишкин\Проект7\Проект7\Debug\link.14784.read.1.tlog
C:\Users\maksi\OneDrive\Документы\Visual Studio 2012\Projects\Шишкин\Проект7\Проект7\Debug\link.14784.write.1.tlog
C:\Users\maksi\OneDrive\Документы\Visual Studio 2012\Projects\Шишкин\Проект7\Проект7\Debug\link.14864.read.1.tlog
C:\Users\maksi\OneDrive\Документы\Visual Studio 2012\Projects\Шишкин\Проект7\Проект7\Debug\link.14864.write.1.tlog
C:\Users\maksi\OneDrive\Документы\Visual Studio 2012\Projects\Шишкин\Проект7\Проект7\Debug\link.1928.read.1.tlog
C:\Users\maksi\OneDrive\Документы\Visual Studio 2012\Projects\Шишкин\Проект7\Проект7\Debug\link.1928.write.1.tlog
C:\Users\maksi\OneDrive\Документы\Visual Studio 2012\Projects\Шишкин\Проект7\Проект7\Debug\link.6364.read.1.tlog
C:\Users\maksi\OneDrive\Документы\Visual Studio 2012\Projects\Шишкин\Проект7\Проект7\Debug\link.6364.write.1.tlog
C:\Users\maksi\OneDrive\Документы\Visual Studio 2012\Projects\Шишкин\Проект7\Проект7\Debug\link.9964.read.1.tlog
C:\Users\maksi\OneDrive\Документы\Visual Studio 2012\Projects\Шишкин\Проект7\Проект7\Debug\link.9964.write.1.tlog
C:\Users\maksi\OneDrive\Документы\Visual Studio 2012\Projects\Шишкин\Проект7\Проект7\Debug\link.command.1.tlog
C:\Users\maksi\OneDrive\Документы\Visual Studio 2012\Projects\Шишкин\Проект7\Проект7\Debug\link.read.1.tlog
C:\Users\maksi\OneDrive\Документы\Visual Studio 2012\Projects\Шишкин\Проект7\Проект7\Debug\link.write.1.tlog
C:\Users\maksi\OneDrive\Документы\Visual Studio 2012\Projects\Шишкин\Проект7\Проект7\Debug\metagen.read.1.tlog
C:\Users\maksi\OneDrive\Документы\Visual Studio 2012\Projects\Шишкин\Проект7\Проект7\Debug\metagen.write.1.tlog
C:\Users\maksi\OneDrive\Документы\Visual Studio 2012\Projects\Шишкин\Проект7\Проект7\Debug\Проект7.write.1.tlog
C:\Users\maksi\OneDrive\Документы\Visual Studio 2012\Projects\Шишкин\Проект7\Проект7\Debug\vc110.pdb
C:\Users\maksi\OneDrive\Документы\Visual Studio 2012\Projects\Шишкин\Проект7\Проект7\Debug\TZRES.DLL.bi
C:\Users\maksi\OneDrive\Документы\Visual Studio 2012\Projects\Шишкин\Проект7\Debug\Проект7.ilk
